0 info it worked if it ends with ok
1 verbose cli [ 'node',
1 verbose cli   '/usr/local/bin/npm',
1 verbose cli   'install',
1 verbose cli   'angular-google-maps',
1 verbose cli   '--save' ]
2 info using npm@1.4.9
3 info using node@v0.10.28
4 verbose readDependencies using package.json deps
5 verbose cache add [ 'angular-google-maps', null ]
6 verbose cache add name=undefined spec="angular-google-maps" args=["angular-google-maps",null]
7 verbose parsed url { protocol: null,
7 verbose parsed url   slashes: null,
7 verbose parsed url   auth: null,
7 verbose parsed url   host: null,
7 verbose parsed url   port: null,
7 verbose parsed url   hostname: null,
7 verbose parsed url   hash: null,
7 verbose parsed url   search: null,
7 verbose parsed url   query: null,
7 verbose parsed url   pathname: 'angular-google-maps',
7 verbose parsed url   path: 'angular-google-maps',
7 verbose parsed url   href: 'angular-google-maps' }
8 silly lockFile 804bc49b-angular-google-maps angular-google-maps
9 verbose lock angular-google-maps /Users/bob/.npm/804bc49b-angular-google-maps.lock
10 silly lockFile 804bc49b-angular-google-maps angular-google-maps
11 silly lockFile 804bc49b-angular-google-maps angular-google-maps
12 verbose addNamed [ 'angular-google-maps', '' ]
13 verbose addNamed [ null, '*' ]
14 silly lockFile 66bf3552-angular-google-maps angular-google-maps@
15 verbose lock angular-google-maps@ /Users/bob/.npm/66bf3552-angular-google-maps.lock
16 silly addNameRange { name: 'angular-google-maps', range: '*', hasData: false }
17 verbose url raw angular-google-maps
18 verbose url resolving [ 'https://registry.npmjs.org/', './angular-google-maps' ]
19 verbose url resolved https://registry.npmjs.org/angular-google-maps
20 info trying registry request attempt 1 at 20:04:58
21 http GET https://registry.npmjs.org/angular-google-maps
22 http 404 https://registry.npmjs.org/angular-google-maps
23 silly registry.get cb [ 404,
23 silly registry.get   { date: 'Wed, 05 Nov 2014 02:04:59 GMT',
23 silly registry.get     server: 'CouchDB/1.5.0 (Erlang OTP/R16B03)',
23 silly registry.get     etag: '"DSCL5IKCKGH8T422S1AMSE4Z0"',
23 silly registry.get     'content-type': 'application/json',
23 silly registry.get     'cache-control': 'max-age=0',
23 silly registry.get     'content-length': '490',
23 silly registry.get     'accept-ranges': 'bytes',
23 silly registry.get     via: '1.1 varnish',
23 silly registry.get     age: '0',
23 silly registry.get     'x-served-by': 'cache-ord1733-ORD',
23 silly registry.get     'x-cache': 'MISS',
23 silly registry.get     'x-cache-hits': '0',
23 silly registry.get     'x-timer': 'S1415153099.304755,VS0,VE265',
23 silly registry.get     vary: 'Accept',
23 silly registry.get     'keep-alive': 'timeout=10, max=50',
23 silly registry.get     connection: 'Keep-Alive' } ]
24 silly lockFile 66bf3552-angular-google-maps angular-google-maps@
25 silly lockFile 66bf3552-angular-google-maps angular-google-maps@
26 error 404 Not Found
26 error 404
26 error 404 'angular-google-maps' is not in the npm registry.
26 error 404 You should bug the author to publish it
26 error 404 It was specified as a dependency of 'remap'
26 error 404
26 error 404 Note that you can also install from a
26 error 404 tarball, folder, or http url, or git url.
27 error System Darwin 13.4.0
28 error command "node" "/usr/local/bin/npm" "install" "angular-google-maps" "--save"
29 error cwd /Users/bob/dev/angularmap
30 error node -v v0.10.28
31 error npm -v 1.4.9
32 error code E404
33 verbose exit [ 1, true ]
